2023-04-23 14:25:52 - Starting SpringSecurityBasicApplicationTests using Java 17.0.5 with PID 11012 (started by wicke in D:\eMexo\MyWorkspaces\Workspace_1\spring-security-basic\spring-security-basic)
2023-04-23 14:25:52 - No active profile set, falling back to 1 default profile: "default"
2023-04-23 14:25:56 - Will secure any request with [org.springframework.security.web.session.DisableEncodeUrlFilter@1ad9b8d3, org.springframework.security.web.context.request.async.WebAsyncManagerIntegrationFilter@168ad26f, org.springframework.security.web.context.SecurityContextHolderFilter@9a20cbd, org.springframework.security.web.header.HeaderWriterFilter@5ba90d8a, org.springframework.security.web.csrf.CsrfFilter@6ad1701a, org.springframework.security.web.authentication.logout.LogoutFilter@5d508d22, org.springframework.security.web.authentication.UsernamePasswordAuthenticationFilter@5f61371d, org.springframework.security.web.authentication.ui.DefaultLoginPageGeneratingFilter@2282400e, org.springframework.security.web.authentication.ui.DefaultLogoutPageGeneratingFilter@4f93bf0a, org.springframework.security.web.authentication.www.BasicAuthenticationFilter@45292ec1, org.springframework.security.web.savedrequest.RequestCacheAwareFilter@445821a6, org.springframework.security.web.servletapi.SecurityContextHolderAwareRequestFilter@ee21292, org.springframework.security.web.authentication.AnonymousAuthenticationFilter@322204dc, org.springframework.security.web.access.ExceptionTranslationFilter@4ea17147, org.springframework.security.web.access.intercept.AuthorizationFilter@182e7eda]
2023-04-23 14:25:56 - Started SpringSecurityBasicApplicationTests in 5.65 seconds (process running for 8.777)
2023-04-23 14:48:12 - Starting SpringSecurityBasicApplicationTests using Java 17.0.5 with PID 9032 (started by wicke in D:\eMexo\MyWorkspaces\Workspace_1\spring-security-basic\spring-security-basic)
2023-04-23 14:48:12 - No active profile set, falling back to 1 default profile: "default"
2023-04-23 14:48:16 - Will secure any request with [org.springframework.security.web.session.DisableEncodeUrlFilter@1ad9b8d3, org.springframework.security.web.context.request.async.WebAsyncManagerIntegrationFilter@168ad26f, org.springframework.security.web.context.SecurityContextHolderFilter@9a20cbd, org.springframework.security.web.header.HeaderWriterFilter@5ba90d8a, org.springframework.security.web.csrf.CsrfFilter@6ad1701a, org.springframework.security.web.authentication.logout.LogoutFilter@5d508d22, org.springframework.security.web.authentication.UsernamePasswordAuthenticationFilter@5f61371d, org.springframework.security.web.authentication.ui.DefaultLoginPageGeneratingFilter@2282400e, org.springframework.security.web.authentication.ui.DefaultLogoutPageGeneratingFilter@4f93bf0a, org.springframework.security.web.authentication.www.BasicAuthenticationFilter@45292ec1, org.springframework.security.web.savedrequest.RequestCacheAwareFilter@445821a6, org.springframework.security.web.servletapi.SecurityContextHolderAwareRequestFilter@ee21292, org.springframework.security.web.authentication.AnonymousAuthenticationFilter@322204dc, org.springframework.security.web.access.ExceptionTranslationFilter@4ea17147, org.springframework.security.web.access.intercept.AuthorizationFilter@182e7eda]
2023-04-23 14:48:16 - Started SpringSecurityBasicApplicationTests in 5.601 seconds (process running for 8.657)
2023-04-23 14:54:15 - Starting SpringSecurityBasicApplication using Java 17.0.5 with PID 9548 (D:\eMexo\MyWorkspaces\Workspace_1\spring-security-basic\spring-security-basic\target\classes started by wicke in D:\eMexo\MyWorkspaces\Workspace_1\spring-security-basic\spring-security-basic)
2023-04-23 14:54:15 - The following 1 profile is active: "sit"
2023-04-23 14:54:18 - Tomcat initialized with port(s): 8082 (http)
2023-04-23 14:54:18 - Starting service [Tomcat]
2023-04-23 14:54:18 - Starting Servlet engine: [Apache Tomcat/10.1.7]
2023-04-23 14:54:19 - Initializing Spring embedded WebApplicationContext
2023-04-23 14:54:19 - Root WebApplicationContext: initialization completed in 3644 ms
2023-04-23 14:54:20 - Will secure any request with [org.springframework.security.web.session.DisableEncodeUrlFilter@4bc59b27, org.springframework.security.web.context.request.async.WebAsyncManagerIntegrationFilter@4d7a64ca, org.springframework.security.web.context.SecurityContextHolderFilter@51efb731, org.springframework.security.web.header.HeaderWriterFilter@52ea0269, org.springframework.security.web.csrf.CsrfFilter@60f21960, org.springframework.security.web.authentication.logout.LogoutFilter@7792d851, org.springframework.security.web.authentication.UsernamePasswordAuthenticationFilter@72906e, org.springframework.security.web.authentication.ui.DefaultLoginPageGeneratingFilter@16c1519e, org.springframework.security.web.authentication.ui.DefaultLogoutPageGeneratingFilter@76ff68c5, org.springframework.security.web.authentication.www.BasicAuthenticationFilter@3a479fda, org.springframework.security.web.savedrequest.RequestCacheAwareFilter@45e6d1e0, org.springframework.security.web.servletapi.SecurityContextHolderAwareRequestFilter@4dadd690, org.springframework.security.web.authentication.AnonymousAuthenticationFilter@6418e39e, org.springframework.security.web.access.ExceptionTranslationFilter@7061622, org.springframework.security.web.access.intercept.AuthorizationFilter@67770b37]
2023-04-23 14:54:21 - Tomcat started on port(s): 8082 (http) with context path ''
2023-04-23 14:54:21 - Started SpringSecurityBasicApplication in 7.368 seconds (process running for 8.376)
2023-04-23 14:54:21 - Strarted basic Security App on port  8082
2023-04-23 14:54:40 - Initializing Spring DispatcherServlet 'dispatcherServlet'
2023-04-23 14:54:40 - Initializing Servlet 'dispatcherServlet'
2023-04-23 14:54:40 - Completed initialization in 3 ms
2023-04-23 21:52:52 - Starting SpringSecurityBasicApplication using Java 17.0.5 with PID 1192 (D:\eMexo\MyWorkspaces\Workspace_1\spring-security-basic\spring-security-basic\target\classes started by wicke in D:\eMexo\MyWorkspaces\Workspace_1\spring-security-basic\spring-security-basic)
2023-04-23 21:52:52 - The following 1 profile is active: "sit"
2023-04-23 21:52:55 - Tomcat initialized with port(s): 8082 (http)
2023-04-23 21:52:55 - Starting service [Tomcat]
2023-04-23 21:52:55 - Starting Servlet engine: [Apache Tomcat/10.1.7]
2023-04-23 21:52:55 - Initializing Spring embedded WebApplicationContext
2023-04-23 21:52:55 - Root WebApplicationContext: initialization completed in 2964 ms
2023-04-23 21:52:57 - Will secure any request with [org.springframework.security.web.session.DisableEncodeUrlFilter@1150d471, org.springframework.security.web.context.request.async.WebAsyncManagerIntegrationFilter@709f0202, org.springframework.security.web.context.SecurityContextHolderFilter@3d620a1, org.springframework.security.web.header.HeaderWriterFilter@4a50d04a, org.springframework.security.web.csrf.CsrfFilter@1c57f6b2, org.springframework.security.web.authentication.logout.LogoutFilter@4b862408, org.springframework.security.web.authentication.UsernamePasswordAuthenticationFilter@65629ac6, org.springframework.security.web.authentication.ui.DefaultLoginPageGeneratingFilter@1da1380b, org.springframework.security.web.authentication.ui.DefaultLogoutPageGeneratingFilter@654e6a90, org.springframework.security.web.authentication.www.BasicAuthenticationFilter@1e3ff233, org.springframework.security.web.savedrequest.RequestCacheAwareFilter@51e3d37e, org.springframework.security.web.servletapi.SecurityContextHolderAwareRequestFilter@4bc59b27, org.springframework.security.web.authentication.AnonymousAuthenticationFilter@14168e1, org.springframework.security.web.access.ExceptionTranslationFilter@14447be, org.springframework.security.web.access.intercept.AuthorizationFilter@373e6b9d]
2023-04-23 21:52:57 - Tomcat started on port(s): 8082 (http) with context path ''
2023-04-23 21:52:57 - Started SpringSecurityBasicApplication in 6.68 seconds (process running for 22.718)
2023-04-23 21:52:57 - Strarted basic Security App on port  8082
2023-04-23 21:53:13 - Initializing Spring DispatcherServlet 'dispatcherServlet'
2023-04-23 21:53:13 - Initializing Servlet 'dispatcherServlet'
2023-04-23 21:53:13 - Completed initialization in 4 ms
